-------------------------------------------------------------------------------
Test set: TestsRunner
-------------------------------------------------------------------------------
Tests run: 1, Failures: 1, Errors: 0, Skipped: 0, Time elapsed: 8.455 s <<< FAILURE! - in TestsRunner
testParallel  Time elapsed: 8.451 s  <<< FAILURE!
org.opentest4j.AssertionFailedError: Tests failed ==> expected: <true> but was: <false>
	at TestsRunner.testParallel(TestsRunner.java:25)

